<?xml version="1.0" encoding="UTF-8"?>
<!-- Generated by org.testng.reporters.JUnitReportReporter -->
<testsuite hostname="LAPTOP-C9T5OKDJ" failures="0" tests="5" name="lennoxPros.lennoxProsTest.LogInPage.LogInpageClass" time="83.222" errors="0" timestamp="2021-01-11T13:41:59 IST" skipped="0">
  <testcase classname="lennoxPros.lennoxProsTest.LogInPage.LogInpageClass" name="loginPage" time="11.151"/>
  <system-out/>
  <testcase classname="lennoxPros.lennoxProsTest.LogInPage.LogInpageClass" name="navigateToAddLeadOption" time="11.063"/>
  <system-out/>
  <testcase classname="lennoxPros.lennoxProsTest.LogInPage.LogInpageClass" name="newLeadEnrollment" time="17.168"/>
  <system-out/>
  <testcase classname="lennoxPros.lennoxProsTest.LogInPage.LogInpageClass" name="newLeadEnrollment" time="29.256"/>
  <system-out/>
  <testcase classname="lennoxPros.lennoxProsTest.LogInPage.LogInpageClass" name="newLeadEnrollment" time="14.584"/>
  <system-out/>
</testsuite> <!-- lennoxPros.lennoxProsTest.LogInPage.LogInpageClass -->
